23:58:03 INFO  : Registering command handlers for SDK TCF services
23:58:04 INFO  : Launching XSCT server: xsct.bat -interactive C:\Users\Administrator\Documents\Workspace\soc\soc_termproject\type_7\type_7.sdk\temp_xsdb_launch_script.tcl
23:58:06 INFO  : XSCT server has started successfully.
23:58:06 INFO  : Successfully done setting XSCT server connection channel  
23:58:08 INFO  : Successfully done setting SDK workspace  
23:58:08 INFO  : Processing command line option -hwspec C:/Users/Administrator/Documents/Workspace/soc/soc_termproject/type_7/type_7.sdk/design_1_wrapper.hdf.
00:00:36 INFO  : Connected to target on host '127.0.0.1' and port '3121'.
00:00:38 INFO  : 'targets -set -filter {jtag_cable_name =~ "Avnet MiniZed V1 1234-oj1A" && level==0} -index 1' command is executed.
00:00:39 INFO  : FPGA configured successfully with bitstream "C:/Users/Administrator/Documents/Workspace/soc/soc_termproject/type_7/type_7.sdk/design_1_wrapper_hw_platform_0/design_1_wrapper.bit"
00:01:51 INFO  : 'targets -set -filter {jtag_cable_name =~ "Avnet MiniZed V1 1234-oj1A" && level==0} -index 1' command is executed.
00:01:51 INFO  : 'fpga -state' command is executed.
00:01:51 INFO  : Connected to target on host '127.0.0.1' and port '3121'.
00:01:51 INFO  : Jtag cable 'Avnet MiniZed V1 1234-oj1A' is selected.
00:01:51 INFO  : 'jtag frequency' command is executed.
00:01:51 INFO  : Sourcing of 'C:/Users/Administrator/Documents/Workspace/soc/soc_termproject/type_7/type_7.sdk/design_1_wrapper_hw_platform_0/ps7_init.tcl' is done.
00:01:51 INFO  : Context for 'APU' is selected.
00:01:51 INFO  : Hardware design information is loaded from 'C:/Users/Administrator/Documents/Workspace/soc/soc_termproject/type_7/type_7.sdk/design_1_wrapper_hw_platform_0/system.hdf'.
00:01:51 INFO  : 'configparams force-mem-access 1' command is executed.
00:01:51 INFO  : Context for 'APU' is selected.
00:01:51 INFO  : 'stop' command is executed.
00:01:51 INFO  : 'ps7_init' command is executed.
00:01:51 INFO  : 'ps7_post_config' command is executed.
00:01:51 INFO  : 'configparams force-mem-access 0' command is executed.
00:01:51 INFO  : ----------------XSDB Script----------------
connect -url tcp:127.0.0.1:3121
source C:/Users/Administrator/Documents/Workspace/soc/soc_termproject/type_7/type_7.sdk/design_1_wrapper_hw_platform_0/ps7_init.tcl
targets -set -nocase -filter {name =~"APU*" && jtag_cable_name =~ "Avnet MiniZed V1 1234-oj1A"} -index 0
loadhw -hw C:/Users/Administrator/Documents/Workspace/soc/soc_termproject/type_7/type_7.sdk/design_1_wrapper_hw_platform_0/system.hdf -mem-ranges [list {0x40000000 0xbfffffff}]
configparams force-mem-access 1
targets -set -nocase -filter {name =~"APU*" && jtag_cable_name =~ "Avnet MiniZed V1 1234-oj1A"} -index 0
stop
ps7_init
ps7_post_config
configparams force-mem-access 0
----------------End of Script----------------

00:01:52 INFO  : Memory regions updated for context APU
00:01:52 INFO  : Launch script is exported to file 'C:\Users\Administrator\Documents\Workspace\soc\soc_termproject\type_7\type_7.sdk\.sdk\launch_scripts\xilinx_c-c++_application_(system_debugger)\system_debugger_using_debug_7seg.elf_on_local.tcl'
00:04:28 INFO  : Disconnected from the channel tcfchan#1.
